app/build/intermediates/manifest_merge_blame_file/debug/manifest-merger-blame-debug-report.txt
1<?xml version="1.0" encoding="utf-8"?>
2<manifest xmlns:android="http://schemas.android.com/apk/res/android"
3    package="com.example.myapplication1"
4    android:versionCode="1"
5    android:versionName="1.0" >
6
7    <uses-sdk
8        android:minSdkVersion="24"
9        android:targetSdkVersion="34" />
10
11    <application
11-->src\main\AndroidManifest.xml:4:5-24:19
12        android:allowBackup="true"
12-->src\main\AndroidManifest.xml:5:9-35
13        android:debuggable="true"
14        android:extractNativeLibs="false"
15        android:icon="@drawable/ic_launcher_background"
15-->src\main\AndroidManifest.xml:6:9-56
16        android:label="@string/app_name"
16-->src\main\AndroidManifest.xml:7:9-41
17        android:roundIcon="@drawable/ic_launcher_background"
17-->src\main\AndroidManifest.xml:8:9-61
18        android:supportsRtl="true"
18-->src\main\AndroidManifest.xml:9:9-35
19        android:testOnly="true"
20        android:theme="@style/Theme.MyApplication1" >
20-->src\main\AndroidManifest.xml:10:9-52
21        <activity
21-->src\main\AndroidManifest.xml:11:9-15:65
22            android:name="com.example.myapplication1.FocusActivity"
22-->src\main\AndroidManifest.xml:12:13-42
23            android:exported="false"
23-->src\main\AndroidManifest.xml:13:13-37
24            android:screenOrientation="portrait"
24-->src\main\AndroidManifest.xml:14:13-49
25            android:theme="@style/Theme.MyApplication1.Focus" />
25-->src\main\AndroidManifest.xml:15:13-62
26        <activity
26-->src\main\AndroidManifest.xml:16:9-23:20
27            android:name="com.example.myapplication1.MainActivity"
27-->src\main\AndroidManifest.xml:17:13-41
28            android:exported="true" >
28-->src\main\AndroidManifest.xml:18:13-36
29            <intent-filter>
29-->src\main\AndroidManifest.xml:19:13-22:29
30                <action android:name="android.intent.action.MAIN" />
30-->src\main\AndroidManifest.xml:20:17-69
30-->src\main\AndroidManifest.xml:20:25-66
31
32                <category android:name="android.intent.category.LAUNCHER" />
32-->src\main\AndroidManifest.xml:21:17-77
32-->src\main\AndroidManifest.xml:21:27-74
33            </intent-filter>
34        </activity>
35    </application>
36
37</manifest>